This is XeTeX, Version 3.141592653-2.6-0.999993 (TeX Live 2022/dev/Debian) (preloaded format=xelatex)
 restricted \write18 enabled.
entering extended mode
(./doc.tex
LaTeX2e <2021-11-15> patch level 1
L3 programming layer <2022-01-21>
(/usr/share/texlive/texmf-dist/tex/latex/base/article.cls
Document Class: article 2021/10/04 v1.4n Standard LaTeX document class
(/usr/share/texlive/texmf-dist/tex/latex/base/size10.clo))
(/usr/share/texmf/tex/latex/lm/lmodern.sty)
(/usr/share/texlive/texmf-dist/tex/latex/setspace/setspace.sty)
(/usr/share/texlive/texmf-dist/tex/latex/amsfonts/amssymb.sty
(/usr/share/texlive/texmf-dist/tex/latex/amsfonts/amsfonts.sty))
(/usr/share/texlive/texmf-dist/tex/latex/amsmath/amsmath.sty
For additional information on amsmath, use the `?' option.
(/usr/share/texlive/texmf-dist/tex/latex/amsmath/amstext.sty
(/usr/share/texlive/texmf-dist/tex/latex/amsmath/amsgen.sty))
(/usr/share/texlive/texmf-dist/tex/latex/amsmath/amsbsy.sty)
(/usr/share/texlive/texmf-dist/tex/latex/amsmath/amsopn.sty))
(/usr/share/texlive/texmf-dist/tex/generic/iftex/ifxetex.sty
(/usr/share/texlive/texmf-dist/tex/generic/iftex/iftex.sty))
(/usr/share/texlive/texmf-dist/tex/generic/iftex/ifluatex.sty)
(/usr/share/texlive/texmf-dist/tex/latex/unicode-math/unicode-math.sty
(/usr/share/texlive/texmf-dist/tex/latex/l3kernel/expl3.sty
(/usr/share/texlive/texmf-dist/tex/latex/l3backend/l3backend-xetex.def
(|extractbb --version)))
(/usr/share/texlive/texmf-dist/tex/latex/unicode-math/unicode-math-xetex.sty
(/usr/share/texlive/texmf-dist/tex/latex/l3packages/xparse/xparse.sty)
(/usr/share/texlive/texmf-dist/tex/latex/l3packages/l3keys2e/l3keys2e.sty)
(/usr/share/texlive/texmf-dist/tex/latex/fontspec/fontspec.sty
(/usr/share/texlive/texmf-dist/tex/latex/fontspec/fontspec-xetex.sty
(/usr/share/texlive/texmf-dist/tex/latex/base/fontenc.sty)
(/usr/share/texlive/texmf-dist/tex/latex/fontspec/fontspec.cfg)))
(/usr/share/texlive/texmf-dist/tex/latex/base/fix-cm.sty
(/usr/share/texlive/texmf-dist/tex/latex/base/ts1enc.def))
(/usr/share/texlive/texmf-dist/tex/latex/unicode-math/unicode-math-table.tex)))
(/usr/share/texlive/texmf-dist/tex/latex/upquote/upquote.sty
(/usr/share/texlive/texmf-dist/tex/latex/base/textcomp.sty))
(/usr/share/texlive/texmf-dist/tex/latex/microtype/microtype.sty
(/usr/share/texlive/texmf-dist/tex/latex/graphics/keyval.sty)
(/usr/share/texlive/texmf-dist/tex/latex/etoolbox/etoolbox.sty)
(/usr/share/texlive/texmf-dist/tex/latex/microtype/microtype-xetex.def)
(/usr/share/texlive/texmf-dist/tex/latex/microtype/microtype.cfg))
(/usr/share/texlive/texmf-dist/tex/latex/parskip/parskip.sty
(/usr/share/texlive/texmf-dist/tex/latex/kvoptions/kvoptions.sty
(/usr/share/texlive/texmf-dist/tex/generic/ltxcmds/ltxcmds.sty)
(/usr/share/texlive/texmf-dist/tex/generic/kvsetkeys/kvsetkeys.sty)))
(/usr/share/texlive/texmf-dist/tex/latex/xcolor/xcolor.sty
(/usr/share/texlive/texmf-dist/tex/latex/graphics-cfg/color.cfg)
(/usr/share/texlive/texmf-dist/tex/latex/graphics-def/xetex.def)
(/usr/share/texlive/texmf-dist/tex/latex/graphics/dvipsnam.def)
(/usr/share/texlive/texmf-dist/tex/latex/xcolor/svgnam.def)
(/usr/share/texlive/texmf-dist/tex/latex/xcolor/x11nam.def))
(/usr/share/texlive/texmf-dist/tex/latex/xurl/xurl.sty
(/usr/share/texlive/texmf-dist/tex/latex/url/url.sty))
(/usr/share/texlive/texmf-dist/tex/latex/bookmark/bookmark.sty
(/usr/share/texlive/texmf-dist/tex/latex/hyperref/hyperref.sty
(/usr/share/texlive/texmf-dist/tex/generic/pdftexcmds/pdftexcmds.sty
(/usr/share/texlive/texmf-dist/tex/generic/infwarerr/infwarerr.sty))
(/usr/share/texlive/texmf-dist/tex/generic/kvdefinekeys/kvdefinekeys.sty)
(/usr/share/texlive/texmf-dist/tex/generic/pdfescape/pdfescape.sty)
(/usr/share/texlive/texmf-dist/tex/latex/hycolor/hycolor.sty)
(/usr/share/texlive/texmf-dist/tex/latex/letltxmacro/letltxmacro.sty)
(/usr/share/texlive/texmf-dist/tex/latex/auxhook/auxhook.sty)
(/usr/share/texlive/texmf-dist/tex/latex/hyperref/pd1enc.def)
(/usr/share/texlive/texmf-dist/tex/latex/hyperref/hyperref-langpatches.def)
(/usr/share/texlive/texmf-dist/tex/generic/intcalc/intcalc.sty)
(/usr/share/texlive/texmf-dist/tex/generic/etexcmds/etexcmds.sty)
(/usr/share/texlive/texmf-dist/tex/latex/hyperref/puenc.def)
(/usr/share/texlive/texmf-dist/tex/generic/bitset/bitset.sty
(/usr/share/texlive/texmf-dist/tex/generic/bigintcalc/bigintcalc.sty))
(/usr/share/texlive/texmf-dist/tex/latex/base/atbegshi-ltx.sty))
(/usr/share/texlive/texmf-dist/tex/latex/hyperref/hxetex.def
(/usr/share/texlive/texmf-dist/tex/generic/stringenc/stringenc.sty)
(/usr/share/texlive/texmf-dist/tex/latex/rerunfilecheck/rerunfilecheck.sty
(/usr/share/texlive/texmf-dist/tex/latex/base/atveryend-ltx.sty)
(/usr/share/texlive/texmf-dist/tex/generic/uniquecounter/uniquecounter.sty)))
(/usr/share/texlive/texmf-dist/tex/latex/bookmark/bkm-dvipdfm.def))
(/usr/share/texlive/texmf-dist/tex/latex/geometry/geometry.sty
(/usr/share/texlive/texmf-dist/tex/generic/iftex/ifvtex.sty))
(/usr/share/texlive/texmf-dist/tex/latex/fancyvrb/fancyvrb.sty)
(/usr/share/texlive/texmf-dist/tex/latex/framed/framed.sty)
(/usr/share/texlive/texmf-dist/tex/latex/tools/longtable.sty)
(/usr/share/texlive/texmf-dist/tex/latex/booktabs/booktabs.sty)
(/usr/share/texlive/texmf-dist/tex/latex/footnotehyper/footnotehyper.sty)
(/usr/share/texlive/texmf-dist/tex/latex/titlesec/titlesec.sty)
(/usr/share/texlive/texmf-dist/tex/latex/titling/titling.sty)
(/usr/share/texlive/texmf-dist/tex/latex/fancyhdr/fancyhdr.sty)
(/usr/share/texlive/texmf-dist/tex/latex/enumitem/enumitem.sty)
(/usr/share/texlive/texmf-dist/tex/latex/fvextra/fvextra.sty
(/usr/share/texlive/texmf-dist/tex/latex/base/ifthen.sty)
(/usr/share/texlive/texmf-dist/tex/latex/lineno/lineno.sty))
(/usr/share/texlive/texmf-dist/tex/latex/quoting/quoting.sty)
(/usr/share/texlive/texmf-dist/tex/latex/seqsplit/seqsplit.sty) (./doc.aux)
(/usr/share/texlive/texmf-dist/tex/latex/hyperref/nameref.sty
(/usr/share/texlive/texmf-dist/tex/latex/refcount/refcount.sty)
(/usr/share/texlive/texmf-dist/tex/generic/gettitlestring/gettitlestring.sty))
*geometry* driver: auto-detecting
*geometry* detected driver: xetex
(./doc.toc (/usr/share/texmf/tex/latex/lm/omllmm.fd)
(/usr/share/texlive/texmf-dist/tex/latex/amsfonts/umsa.fd)
(/usr/share/texlive/texmf-dist/tex/latex/microtype/mt-msa.cfg)
(/usr/share/texlive/texmf-dist/tex/latex/amsfonts/umsb.fd)
(/usr/share/texlive/texmf-dist/tex/latex/microtype/mt-msb.cfg)) [1]

Package fancyhdr Warning: \headheight is too small (12.0pt): 
(fancyhdr)                Make it at least 19.69997pt, for example:
(fancyhdr)                \setlength{\headheight}{19.69997pt}.
(fancyhdr)                You might also make \topmargin smaller to compensate:

(fancyhdr)                \addtolength{\topmargin}{-7.69997pt}.

[2]

Package fancyhdr Warning: \headheight is too small (12.0pt): 
(fancyhdr)                Make it at least 19.69997pt, for example:
(fancyhdr)                \setlength{\headheight}{19.69997pt}.
(fancyhdr)                You might also make \topmargin smaller to compensate:

(fancyhdr)                \addtolength{\topmargin}{-7.69997pt}.

[3]

Package fancyhdr Warning: \headheight is too small (12.0pt): 
(fancyhdr)                Make it at least 19.69997pt, for example:
(fancyhdr)                \setlength{\headheight}{19.69997pt}.
(fancyhdr)                You might also make \topmargin smaller to compensate:

(fancyhdr)                \addtolength{\topmargin}{-7.69997pt}.

[4]

Package fancyhdr Warning: \headheight is too small (12.0pt): 
(fancyhdr)                Make it at least 19.69997pt, for example:
(fancyhdr)                \setlength{\headheight}{19.69997pt}.
(fancyhdr)                You might also make \topmargin smaller to compensate:

(fancyhdr)                \addtolength{\topmargin}{-7.69997pt}.

[5]

Package fancyhdr Warning: \headheight is too small (12.0pt): 
(fancyhdr)                Make it at least 19.69997pt, for example:
(fancyhdr)                \setlength{\headheight}{19.69997pt}.
(fancyhdr)                You might also make \topmargin smaller to compensate:

(fancyhdr)                \addtolength{\topmargin}{-7.69997pt}.

[6]

Package fancyhdr Warning: \headheight is too small (12.0pt): 
(fancyhdr)                Make it at least 19.69997pt, for example:
(fancyhdr)                \setlength{\headheight}{19.69997pt}.
(fancyhdr)                You might also make \topmargin smaller to compensate:

(fancyhdr)                \addtolength{\topmargin}{-7.69997pt}.

[7]

Package fancyhdr Warning: \headheight is too small (12.0pt): 
(fancyhdr)                Make it at least 19.69997pt, for example:
(fancyhdr)                \setlength{\headheight}{19.69997pt}.
(fancyhdr)                You might also make \topmargin smaller to compensate:

(fancyhdr)                \addtolength{\topmargin}{-7.69997pt}.

[8]

Package fancyhdr Warning: \headheight is too small (12.0pt): 
(fancyhdr)                Make it at least 19.69997pt, for example:
(fancyhdr)                \setlength{\headheight}{19.69997pt}.
(fancyhdr)                You might also make \topmargin smaller to compensate:

(fancyhdr)                \addtolength{\topmargin}{-7.69997pt}.

[9]

Package fancyhdr Warning: \headheight is too small (12.0pt): 
(fancyhdr)                Make it at least 19.69997pt, for example:
(fancyhdr)                \setlength{\headheight}{19.69997pt}.
(fancyhdr)                You might also make \topmargin smaller to compensate:

(fancyhdr)                \addtolength{\topmargin}{-7.69997pt}.

[10]

Package fancyhdr Warning: \headheight is too small (12.0pt): 
(fancyhdr)                Make it at least 19.69997pt, for example:
(fancyhdr)                \setlength{\headheight}{19.69997pt}.
(fancyhdr)                You might also make \topmargin smaller to compensate:

(fancyhdr)                \addtolength{\topmargin}{-7.69997pt}.

[11]

Package fancyhdr Warning: \headheight is too small (12.0pt): 
(fancyhdr)                Make it at least 19.69997pt, for example:
(fancyhdr)                \setlength{\headheight}{19.69997pt}.
(fancyhdr)                You might also make \topmargin smaller to compensate:

(fancyhdr)                \addtolength{\topmargin}{-7.69997pt}.

[12]

Package fancyhdr Warning: \headheight is too small (12.0pt): 
(fancyhdr)                Make it at least 19.69997pt, for example:
(fancyhdr)                \setlength{\headheight}{19.69997pt}.
(fancyhdr)                You might also make \topmargin smaller to compensate:

(fancyhdr)                \addtolength{\topmargin}{-7.69997pt}.

[13]

Package fancyhdr Warning: \headheight is too small (12.0pt): 
(fancyhdr)                Make it at least 19.69997pt, for example:
(fancyhdr)                \setlength{\headheight}{19.69997pt}.
(fancyhdr)                You might also make \topmargin smaller to compensate:

(fancyhdr)                \addtolength{\topmargin}{-7.69997pt}.

[14]

Package fancyhdr Warning: \headheight is too small (12.0pt): 
(fancyhdr)                Make it at least 19.69997pt, for example:
(fancyhdr)                \setlength{\headheight}{19.69997pt}.
(fancyhdr)                You might also make \topmargin smaller to compensate:

(fancyhdr)                \addtolength{\topmargin}{-7.69997pt}.

[15]

Package fancyhdr Warning: \headheight is too small (12.0pt): 
(fancyhdr)                Make it at least 19.69997pt, for example:
(fancyhdr)                \setlength{\headheight}{19.69997pt}.
(fancyhdr)                You might also make \topmargin smaller to compensate:

(fancyhdr)                \addtolength{\topmargin}{-7.69997pt}.

[16]

Package fancyhdr Warning: \headheight is too small (12.0pt): 
(fancyhdr)                Make it at least 19.69997pt, for example:
(fancyhdr)                \setlength{\headheight}{19.69997pt}.
(fancyhdr)                You might also make \topmargin smaller to compensate:

(fancyhdr)                \addtolength{\topmargin}{-7.69997pt}.

[17]
Overfull \hbox (5.00903pt too wide) in paragraph at lines 1842--1843
[]\TU/DejaVuSans(0)/m/n/10 Competitor|  

Overfull \hbox (2.01242pt too wide) in paragraph at lines 1863--1864
[]\TU/DejaVuSans(0)/m/n/10 Contractor 

Overfull \hbox (2.12971pt too wide) in paragraph at lines 1878--1879
[]\TU/DejaVuSans(0)/m/n/10 JobNimbus|  

Overfull \hbox (3.97461pt too wide) in paragraph at lines 1892--1893
[]\TU/DejaVuSans(0)/m/n/10 Integration 

Overfull \hbox (7.30516pt too wide) in paragraph at lines 1892--1893
\TU/DejaVuSans(0)/m/n/10 competitor)|  

Overfull \hbox (25.61395pt too wide) in paragraph at lines 1912--1913
[]\TU/DejaVuSans(0)/m/n/10 ContractorTools|  

Overfull \hbox (2.01242pt too wide) in paragraph at lines 1914--1915
[]\TU/DejaVuSans(0)/m/n/10 Contractor 

Overfull \hbox (3.58496pt too wide) in paragraph at lines 1926--1927
\TU/DejaVuSans(0)/m/n/10 expensive)|  

Overfull \hbox (43.78821pt too wide) in paragraph at lines 1929--1930
[]\TU/DejaVuSans(0)/m/n/10 ContractorForeman|  

Overfull \hbox (2.01242pt too wide) in paragraph at lines 1931--1932
[]\TU/DejaVuSans(0)/m/n/10 Contractor 

Overfull \hbox (3.97461pt too wide) in paragraph at lines 1943--1944
[]\TU/DejaVuSans(0)/m/n/10 Integration 

Overfull \hbox (10.17186pt too wide) in paragraph at lines 1946--1947
[]\TU/DejaVuSans(0)/m/n/10 Contractor+|  

Overfull \hbox (2.01242pt too wide) in paragraph at lines 1948--1949
[]\TU/DejaVuSans(0)/m/n/10 Contractor 

Overfull \hbox (0.67355pt too wide) in paragraph at lines 1960--1961
[]\TU/DejaVuSans(0)/m/n/10 Freemium- 

Overfull \hbox (8.17879pt too wide) in paragraph at lines 1963--1964
[]\TU/DejaVuSans(0)/b/n/10 Mr. Cooper|  

Overfull \hbox (60.71466pt too wide) in paragraph at lines 2028--2029
[]\TU/DejaVuSans(0)/m/n/10 Geographic/processing 

Overfull \hbox (0.50954pt too wide) in paragraph at lines 2031--2032
[]\TU/DejaVuSans(0)/m/n/10 EagleView|  

Overfull \hbox (17.9045pt too wide) in paragraph at lines 2033--2034
\TU/DejaVuSans(0)/m/n/10 measurement|  

Overfull \hbox (3.97461pt too wide) in paragraph at lines 2045--2046
[]\TU/DejaVuSans(0)/m/n/10 Integration 

Overfull \hbox (17.16866pt too wide) in paragraph at lines 2048--2049
[]\TU/DejaVuSans(0)/m/n/10 LoanCashUSA 

Overfull \hbox (4.69995pt too wide) in paragraph at lines 2050--2051
[]\TU/DejaVuSans(0)/m/n/10 Aggregator|  

Overfull \hbox (5.09424pt too wide) in paragraph at lines 2062--2063
[]\TU/DejaVuSans(0)/m/n/10 Antipattern 

Overfull \hbox (2.01242pt too wide) in paragraph at lines 2067--2068
[]\TU/DejaVuSans(0)/m/n/10 Contractor 

Overfull \hbox (3.97461pt too wide) in paragraph at lines 2079--2080
[]\TU/DejaVuSans(0)/m/n/10 Integration 

Overfull \hbox (10.00487pt too wide) in paragraph at lines 2079--2080
\TU/DejaVuSans(0)/m/n/10 satisfaction)|  

Overfull \hbox (2.01242pt too wide) in paragraph at lines 2101--2102
[]\TU/DejaVuSans(0)/m/n/10 Contractor 

Overfull \hbox (3.97461pt too wide) in paragraph at lines 2113--2114
[]\TU/DejaVuSans(0)/m/n/10 Integration 

Overfull \hbox (4.89307pt too wide) in paragraph at lines 2116--2117
[]\TU/DejaVuSans(0)/b/n/10 Solofunds 

Overfull \hbox (5.09424pt too wide) in paragraph at lines 2130--2131
[]\TU/DejaVuSans(0)/m/n/10 Antipattern 

Overfull \hbox (10.90013pt too wide) in paragraph at lines 2135--2136
\TU/DejaVuSans(0)/m/n/10 marketplace|  

Overfull \hbox (12.37225pt too wide) in paragraph at lines 2181--2182
[]\TU/DejaVuSans(0)/m/n/10 Subscription- 

Overfull \hbox (4.73999pt too wide) in paragraph at lines 2181--2182
\TU/DejaVuSans(0)/m/n/10 antipattern|  

Overfull \hbox (2.74072pt too wide) in paragraph at lines 2184--2185
[]\TU/DejaVuSans(0)/b/n/10 EnerBank 

Overfull \hbox (2.01242pt too wide) in paragraph at lines 2186--2187
[]\TU/DejaVuSans(0)/m/n/10 Contractor 

Overfull \hbox (1.91208pt too wide) in paragraph at lines 2198--2199
\TU/DejaVuSans(0)/m/n/10 contractor- 

Overfull \hbox (4.30455pt too wide) in paragraph at lines 2218--2219
\TU/DejaVuSans(0)/m/n/10 (EnerBank)|  

Overfull \hbox (2.01242pt too wide) in paragraph at lines 2220--2221
[]\TU/DejaVuSans(0)/m/n/10 Contractor 

Overfull \hbox (2.69434pt too wide) in paragraph at lines 2220--2221
\TU/DejaVuSans(0)/m/n/10 origination|  

Overfull \hbox (21.55049pt too wide) in paragraph at lines 2235--2236
[]\TU/DejaVuSans(0)/m/n/10 ContractorPlus|  

Overfull \hbox (2.01242pt too wide) in paragraph at lines 2237--2238
[]\TU/DejaVuSans(0)/m/n/10 Contractor 

Overfull \hbox (3.97461pt too wide) in paragraph at lines 2249--2250
[]\TU/DejaVuSans(0)/m/n/10 Integration 

Overfull \hbox (3.11182pt too wide) in paragraph at lines 2252--2253
[]\TU/DejaVuSans(0)/b/n/10 GreenSky 

Overfull \hbox (2.01242pt too wide) in paragraph at lines 2254--2255
[]\TU/DejaVuSans(0)/m/n/10 Contractor 

Overfull \hbox (4.3457pt too wide) in paragraph at lines 2288--2289
\TU/DejaVuSans(0)/m/n/10 aggregator|  

Overfull \hbox (5.09424pt too wide) in paragraph at lines 2300--2301
[]\TU/DejaVuSans(0)/m/n/10 Antipattern 

Overfull \hbox (12.25925pt too wide) in paragraph at lines 2317--2318
[]\TU/DejaVuSans(0)/m/n/10 International 

Package fancyhdr Warning: \headheight is too small (12.0pt): 
(fancyhdr)                Make it at least 19.69997pt, for example:
(fancyhdr)                \setlength{\headheight}{19.69997pt}.
(fancyhdr)                You might also make \topmargin smaller to compensate:

(fancyhdr)                \addtolength{\topmargin}{-7.69997pt}.

[18]

Package fancyhdr Warning: \headheight is too small (12.0pt): 
(fancyhdr)                Make it at least 19.69997pt, for example:
(fancyhdr)                \setlength{\headheight}{19.69997pt}.
(fancyhdr)                You might also make \topmargin smaller to compensate:

(fancyhdr)                \addtolength{\topmargin}{-7.69997pt}.

[19]

Package fancyhdr Warning: \headheight is too small (12.0pt): 
(fancyhdr)                Make it at least 19.69997pt, for example:
(fancyhdr)                \setlength{\headheight}{19.69997pt}.
(fancyhdr)                You might also make \topmargin smaller to compensate:

(fancyhdr)                \addtolength{\topmargin}{-7.69997pt}.

[20]

Package fancyhdr Warning: \headheight is too small (12.0pt): 
(fancyhdr)                Make it at least 19.69997pt, for example:
(fancyhdr)                \setlength{\headheight}{19.69997pt}.
(fancyhdr)                You might also make \topmargin smaller to compensate:

(fancyhdr)                \addtolength{\topmargin}{-7.69997pt}.

[21]

Package fancyhdr Warning: \headheight is too small (12.0pt): 
(fancyhdr)                Make it at least 19.69997pt, for example:
(fancyhdr)                \setlength{\headheight}{19.69997pt}.
(fancyhdr)                You might also make \topmargin smaller to compensate:

(fancyhdr)                \addtolength{\topmargin}{-7.69997pt}.

[22]

Package fancyhdr Warning: \headheight is too small (12.0pt): 
(fancyhdr)                Make it at least 19.69997pt, for example:
(fancyhdr)                \setlength{\headheight}{19.69997pt}.
(fancyhdr)                You might also make \topmargin smaller to compensate:

(fancyhdr)                \addtolength{\topmargin}{-7.69997pt}.

[23]

Package fancyhdr Warning: \headheight is too small (12.0pt): 
(fancyhdr)                Make it at least 19.69997pt, for example:
(fancyhdr)                \setlength{\headheight}{19.69997pt}.
(fancyhdr)                You might also make \topmargin smaller to compensate:

(fancyhdr)                \addtolength{\topmargin}{-7.69997pt}.

[24]

Package fancyhdr Warning: \headheight is too small (12.0pt): 
(fancyhdr)                Make it at least 19.69997pt, for example:
(fancyhdr)                \setlength{\headheight}{19.69997pt}.
(fancyhdr)                You might also make \topmargin smaller to compensate:

(fancyhdr)                \addtolength{\topmargin}{-7.69997pt}.

[25]

Package fancyhdr Warning: \headheight is too small (12.0pt): 
(fancyhdr)                Make it at least 19.69997pt, for example:
(fancyhdr)                \setlength{\headheight}{19.69997pt}.
(fancyhdr)                You might also make \topmargin smaller to compensate:

(fancyhdr)                \addtolength{\topmargin}{-7.69997pt}.

[26]

Package fancyhdr Warning: \headheight is too small (12.0pt): 
(fancyhdr)                Make it at least 19.69997pt, for example:
(fancyhdr)                \setlength{\headheight}{19.69997pt}.
(fancyhdr)                You might also make \topmargin smaller to compensate:

(fancyhdr)                \addtolength{\topmargin}{-7.69997pt}.

[27]

Package fancyhdr Warning: \headheight is too small (12.0pt): 
(fancyhdr)                Make it at least 19.69997pt, for example:
(fancyhdr)                \setlength{\headheight}{19.69997pt}.
(fancyhdr)                You might also make \topmargin smaller to compensate:

(fancyhdr)                \addtolength{\topmargin}{-7.69997pt}.

[28]
Overfull \hbox (7.20802pt too wide) in paragraph at lines 3028--3029
\TU/DejaVuSans(0)/m/n/10 incl. retroactive- 

Package fancyhdr Warning: \headheight is too small (12.0pt): 
(fancyhdr)                Make it at least 19.69997pt, for example:
(fancyhdr)                \setlength{\headheight}{19.69997pt}.
(fancyhdr)                You might also make \topmargin smaller to compensate:

(fancyhdr)                \addtolength{\topmargin}{-7.69997pt}.

[29]

Package fancyhdr Warning: \headheight is too small (12.0pt): 
(fancyhdr)                Make it at least 19.69997pt, for example:
(fancyhdr)                \setlength{\headheight}{19.69997pt}.
(fancyhdr)                You might also make \topmargin smaller to compensate:

(fancyhdr)                \addtolength{\topmargin}{-7.69997pt}.

[30]

Package fancyhdr Warning: \headheight is too small (12.0pt): 
(fancyhdr)                Make it at least 19.69997pt, for example:
(fancyhdr)                \setlength{\headheight}{19.69997pt}.
(fancyhdr)                You might also make \topmargin smaller to compensate:

(fancyhdr)                \addtolength{\topmargin}{-7.69997pt}.

[31]

Package fancyhdr Warning: \headheight is too small (12.0pt): 
(fancyhdr)                Make it at least 19.69997pt, for example:
(fancyhdr)                \setlength{\headheight}{19.69997pt}.
(fancyhdr)                You might also make \topmargin smaller to compensate:

(fancyhdr)                \addtolength{\topmargin}{-7.69997pt}.

[32]
Missing character: There is no ★ (U+2605) in font DejaVu Sans Mono Oblique/OT:s
cript=latn;language=dflt;!
Missing character: There is no ★ (U+2605) in font DejaVu Sans Mono Oblique/OT:s
cript=latn;language=dflt;!

Package fancyhdr Warning: \headheight is too small (12.0pt): 
(fancyhdr)                Make it at least 19.69997pt, for example:
(fancyhdr)                \setlength{\headheight}{19.69997pt}.
(fancyhdr)                You might also make \topmargin smaller to compensate:

(fancyhdr)                \addtolength{\topmargin}{-7.69997pt}.

[33] (./doc.aux) )
(see the transcript file for additional information)
Output written on doc.pdf (33 pages).
Transcript written on doc.log.
